{"/home/zemartins81/Projetos/Ignite/Node/ignite-rentx/src/errors/AppError.ts": {"path":"/home/zemartins81/Projetos/Ignite/Node/ignite-rentx/src/errors/AppError.ts","all":false,"statementMap":{"0":{"start":{"line":1,"column":0},"end":{"line":1,"column":23}},"1":{"start":{"line":2,"column":0},"end":{"line":2,"column":0}},"2":{"start":{"line":3,"column":0},"end":{"line":3,"column":35}},"3":{"start":{"line":4,"column":0},"end":{"line":4,"column":38}},"4":{"start":{"line":5,"column":0},"end":{"line":5,"column":0}},"5":{"start":{"line":6,"column":0},"end":{"line":6,"column":52}},"6":{"start":{"line":7,"column":0},"end":{"line":7,"column":30}},"7":{"start":{"line":8,"column":0},"end":{"line":8,"column":36}},"8":{"start":{"line":9,"column":0},"end":{"line":9,"column":5}},"9":{"start":{"line":10,"column":0},"end":{"line":10,"column":1}}},"s":{"0":1,"1":1,"2":1,"3":1,"4":1,"5":1,"6":1,"7":1,"8":1,"9":1},"branchMap":{"0":{"type":"branch","line":6,"loc":{"start":{"line":6,"column":4},"end":{"line":9,"column":5}},"locations":[{"start":{"line":6,"column":4},"end":{"line":9,"column":5}}]}},"b":{"0":[1]},"fnMap":{"0":{"name":"AppError","decl":{"start":{"line":6,"column":4},"end":{"line":9,"column":5}},"loc":{"start":{"line":6,"column":4},"end":{"line":9,"column":5}},"line":6}},"f":{"0":1}}
,"/home/zemartins81/Projetos/Ignite/Node/ignite-rentx/src/modules/cars/entities/Category.ts": {"path":"/home/zemartins81/Projetos/Ignite/Node/ignite-rentx/src/modules/cars/entities/Category.ts","all":false,"statementMap":{"0":{"start":{"line":1,"column":0},"end":{"line":1,"column":33}},"1":{"start":{"line":2,"column":0},"end":{"line":2,"column":71}},"2":{"start":{"line":3,"column":0},"end":{"line":3,"column":0}},"3":{"start":{"line":4,"column":0},"end":{"line":4,"column":21}},"4":{"start":{"line":5,"column":0},"end":{"line":5,"column":16}},"5":{"start":{"line":6,"column":0},"end":{"line":6,"column":20}},"6":{"start":{"line":7,"column":0},"end":{"line":7,"column":16}},"7":{"start":{"line":8,"column":0},"end":{"line":8,"column":0}},"8":{"start":{"line":9,"column":0},"end":{"line":9,"column":13}},"9":{"start":{"line":10,"column":0},"end":{"line":10,"column":17}},"10":{"start":{"line":11,"column":0},"end":{"line":11,"column":0}},"11":{"start":{"line":12,"column":0},"end":{"line":12,"column":13}},"12":{"start":{"line":13,"column":0},"end":{"line":13,"column":24}},"13":{"start":{"line":14,"column":0},"end":{"line":14,"column":0}},"14":{"start":{"line":15,"column":0},"end":{"line":15,"column":23}},"15":{"start":{"line":16,"column":0},"end":{"line":16,"column":21}},"16":{"start":{"line":17,"column":0},"end":{"line":17,"column":0}},"17":{"start":{"line":18,"column":0},"end":{"line":18,"column":19}},"18":{"start":{"line":19,"column":0},"end":{"line":19,"column":22}},"19":{"start":{"line":20,"column":0},"end":{"line":20,"column":30}},"20":{"start":{"line":21,"column":0},"end":{"line":21,"column":9}},"21":{"start":{"line":22,"column":0},"end":{"line":22,"column":5}},"22":{"start":{"line":23,"column":0},"end":{"line":23,"column":1}},"23":{"start":{"line":24,"column":0},"end":{"line":24,"column":0}},"24":{"start":{"line":25,"column":0},"end":{"line":25,"column":23}}},"s":{"0":1,"1":1,"2":1,"3":1,"4":1,"5":1,"6":1,"7":1,"8":1,"9":1,"10":1,"11":1,"12":1,"13":1,"14":1,"15":1,"16":1,"17":1,"18":2,"19":2,"20":2,"21":2,"22":1,"23":1,"24":1},"branchMap":{"0":{"type":"branch","line":18,"loc":{"start":{"line":18,"column":4},"end":{"line":22,"column":5}},"locations":[{"start":{"line":18,"column":4},"end":{"line":22,"column":5}}]}},"b":{"0":[2]},"fnMap":{"0":{"name":"Category","decl":{"start":{"line":18,"column":4},"end":{"line":22,"column":5}},"loc":{"start":{"line":18,"column":4},"end":{"line":22,"column":5}},"line":18}},"f":{"0":2}}
,"/home/zemartins81/Projetos/Ignite/Node/ignite-rentx/src/modules/cars/repositories/in_memory/CategoriesRepositoryInMemory.ts": {"path":"/home/zemartins81/Projetos/Ignite/Node/ignite-rentx/src/modules/cars/repositories/in_memory/CategoriesRepositoryInMemory.ts","all":false,"statementMap":{"0":{"start":{"line":1,"column":0},"end":{"line":1,"column":46}},"1":{"start":{"line":2,"column":0},"end":{"line":2,"column":82}},"2":{"start":{"line":3,"column":0},"end":{"line":3,"column":0}},"3":{"start":{"line":4,"column":0},"end":{"line":4,"column":69}},"4":{"start":{"line":5,"column":0},"end":{"line":5,"column":0}},"5":{"start":{"line":6,"column":0},"end":{"line":6,"column":29}},"6":{"start":{"line":7,"column":0},"end":{"line":7,"column":0}},"7":{"start":{"line":8,"column":0},"end":{"line":8,"column":37}},"8":{"start":{"line":9,"column":0},"end":{"line":9,"column":28}},"9":{"start":{"line":10,"column":0},"end":{"line":10,"column":3}},"10":{"start":{"line":11,"column":0},"end":{"line":11,"column":74}},"11":{"start":{"line":12,"column":0},"end":{"line":12,"column":37}},"12":{"start":{"line":13,"column":0},"end":{"line":13,"column":29}},"13":{"start":{"line":14,"column":0},"end":{"line":14,"column":23}},"14":{"start":{"line":15,"column":0},"end":{"line":15,"column":6}},"15":{"start":{"line":16,"column":0},"end":{"line":16,"column":0}},"16":{"start":{"line":17,"column":0},"end":{"line":17,"column":34}},"17":{"start":{"line":18,"column":0},"end":{"line":18,"column":3}},"18":{"start":{"line":19,"column":0},"end":{"line":19,"column":53}},"19":{"start":{"line":20,"column":0},"end":{"line":20,"column":69}},"20":{"start":{"line":21,"column":0},"end":{"line":21,"column":3}},"21":{"start":{"line":22,"column":0},"end":{"line":22,"column":1}},"22":{"start":{"line":23,"column":0},"end":{"line":23,"column":0}},"23":{"start":{"line":24,"column":0},"end":{"line":24,"column":38}}},"s":{"0":1,"1":1,"2":1,"3":2,"4":2,"5":2,"6":2,"7":2,"8":0,"9":0,"10":2,"11":2,"12":2,"13":2,"14":2,"15":2,"16":2,"17":2,"18":2,"19":4,"20":4,"21":2,"22":1,"23":1},"branchMap":{"0":{"type":"branch","line":4,"loc":{"start":{"line":4,"column":0},"end":{"line":22,"column":1}},"locations":[{"start":{"line":4,"column":0},"end":{"line":22,"column":1}}]},"1":{"type":"branch","line":11,"loc":{"start":{"line":11,"column":8},"end":{"line":18,"column":3}},"locations":[{"start":{"line":11,"column":8},"end":{"line":18,"column":3}}]},"2":{"type":"branch","line":19,"loc":{"start":{"line":19,"column":8},"end":{"line":21,"column":3}},"locations":[{"start":{"line":19,"column":8},"end":{"line":21,"column":3}}]},"3":{"type":"branch","line":20,"loc":{"start":{"line":20,"column":32},"end":{"line":20,"column":68}},"locations":[{"start":{"line":20,"column":32},"end":{"line":20,"column":68}}]}},"b":{"0":[2],"1":[2],"2":[4],"3":[2]},"fnMap":{"0":{"name":"CategoriesRepositoryInMemory","decl":{"start":{"line":4,"column":0},"end":{"line":22,"column":1}},"loc":{"start":{"line":4,"column":0},"end":{"line":22,"column":1}},"line":4},"1":{"name":"list","decl":{"start":{"line":8,"column":8},"end":{"line":10,"column":3}},"loc":{"start":{"line":8,"column":8},"end":{"line":10,"column":3}},"line":8},"2":{"name":"create","decl":{"start":{"line":11,"column":8},"end":{"line":18,"column":3}},"loc":{"start":{"line":11,"column":8},"end":{"line":18,"column":3}},"line":11},"3":{"name":"findByName","decl":{"start":{"line":19,"column":8},"end":{"line":21,"column":3}},"loc":{"start":{"line":19,"column":8},"end":{"line":21,"column":3}},"line":19}},"f":{"0":2,"1":0,"2":2,"3":4}}
,"/home/zemartins81/Projetos/Ignite/Node/ignite-rentx/src/modules/cars/useCases/categories/createCategory/CreateCategoryUseCase.ts": {"path":"/home/zemartins81/Projetos/Ignite/Node/ignite-rentx/src/modules/cars/useCases/categories/createCategory/CreateCategoryUseCase.ts","all":false,"statementMap":{"0":{"start":{"line":1,"column":0},"end":{"line":1,"column":94}},"1":{"start":{"line":2,"column":0},"end":{"line":2,"column":82}},"2":{"start":{"line":3,"column":0},"end":{"line":3,"column":56}},"3":{"start":{"line":4,"column":0},"end":{"line":4,"column":0}},"4":{"start":{"line":5,"column":0},"end":{"line":5,"column":20}},"5":{"start":{"line":6,"column":0},"end":{"line":6,"column":17}},"6":{"start":{"line":7,"column":0},"end":{"line":7,"column":23}},"7":{"start":{"line":8,"column":0},"end":{"line":8,"column":1}},"8":{"start":{"line":9,"column":0},"end":{"line":9,"column":0}},"9":{"start":{"line":10,"column":0},"end":{"line":10,"column":29}},"10":{"start":{"line":11,"column":0},"end":{"line":11,"column":0}},"11":{"start":{"line":12,"column":0},"end":{"line":12,"column":72}},"12":{"start":{"line":13,"column":0},"end":{"line":13,"column":0}},"13":{"start":{"line":14,"column":0},"end":{"line":14,"column":65}},"14":{"start":{"line":15,"column":0},"end":{"line":15,"column":86}},"15":{"start":{"line":16,"column":0},"end":{"line":16,"column":0}},"16":{"start":{"line":17,"column":0},"end":{"line":17,"column":87}},"17":{"start":{"line":18,"column":0},"end":{"line":18,"column":0}},"18":{"start":{"line":19,"column":0},"end":{"line":19,"column":67}},"19":{"start":{"line":20,"column":0},"end":{"line":20,"column":5}},"20":{"start":{"line":21,"column":0},"end":{"line":21,"column":1}},"21":{"start":{"line":22,"column":0},"end":{"line":22,"column":0}},"22":{"start":{"line":23,"column":0},"end":{"line":23,"column":36}}},"s":{"0":1,"1":1,"2":1,"3":1,"4":1,"5":1,"6":1,"7":1,"8":1,"9":1,"10":1,"11":1,"12":1,"13":1,"14":3,"15":3,"16":3,"17":3,"18":3,"19":3,"20":1,"21":1,"22":1},"branchMap":{"0":{"type":"branch","line":12,"loc":{"start":{"line":12,"column":4},"end":{"line":12,"column":72}},"locations":[{"start":{"line":12,"column":4},"end":{"line":12,"column":72}}]},"1":{"type":"branch","line":14,"loc":{"start":{"line":14,"column":10},"end":{"line":20,"column":5}},"locations":[{"start":{"line":14,"column":10},"end":{"line":20,"column":5}}]},"2":{"type":"branch","line":17,"loc":{"start":{"line":17,"column":34},"end":{"line":17,"column":87}},"locations":[{"start":{"line":17,"column":34},"end":{"line":17,"column":87}}]}},"b":{"0":[2],"1":[3],"2":[1]},"fnMap":{"0":{"name":"CreateCategoryUseCase","decl":{"start":{"line":12,"column":4},"end":{"line":12,"column":72}},"loc":{"start":{"line":12,"column":4},"end":{"line":12,"column":72}},"line":12},"1":{"name":"execute","decl":{"start":{"line":14,"column":10},"end":{"line":20,"column":5}},"loc":{"start":{"line":14,"column":10},"end":{"line":20,"column":5}},"line":14}},"f":{"0":2,"1":3}}
}
